<?xml version="1.0" encoding="UTF-8"?>
<testng-results ignored="0" total="7" passed="4" failed="3" skipped="0">
  <reporter-output>
  </reporter-output>
  <suite started-at="2020-10-22T20:40:40 PDT" name="All Test Suite" finished-at="2020-10-22T20:42:11 PDT" duration-ms="91467">
    <groups>
    </groups>
    <test started-at="2020-10-22T20:40:40 PDT" name="/Users/ev/Desktop/sonia-workspaces/MyWork/SeleniumFrameworkFinal/src/test" finished-at="2020-10-22T20:42:11 PDT" duration-ms="91467">
      <class name="com.amazon.CommonFeatureTest">
        <test-method is-config="true" signature="setUp()[pri:0, instance:com.amazon.CommonFeatureTest@e3d26dc3]" started-at="2020-10-22T20:40:56 PDT" name="setUp" finished-at="2020-10-22T20:41:07 PDT" duration-ms="10796" status="PASS">
          <reporter-output>
          </reporter-output>
        </test-method> <!-- setUp -->
        <test-method signature="footerLinksCountTest()[pri:0, instance:com.amazon.CommonFeatureTest@e3d26dc3]" started-at="2020-10-22T20:41:07 PDT" name="footerLinksCountTest" finished-at="2020-10-22T20:41:07 PDT" duration-ms="227" status="FAIL">
          <exception class="java.lang.AssertionError">
            <message>
              <![CDATA[expected [42] but found [41]]]>
            </message>
            <full-stacktrace>
              <![CDATA[java.lang.AssertionError: expected [42] but found [41]
at org.testng.Assert.fail(Assert.java:97)
at org.testng.Assert.assertEqualsImpl(Assert.java:136)
at org.testng.Assert.assertEquals(Assert.java:118)
at org.testng.Assert.assertEquals(Assert.java:839)
at org.testng.Assert.assertEquals(Assert.java:849)
at com.amazon.CommonFeatureTest.footerLinksCountTest(CommonFeatureTest.java:83)
at java.base/jdk.internal.reflect.NativeMethodAccessorImpl.invoke0(Native Method)
at java.base/jdk.internal.reflect.NativeMethodAccessorImpl.invoke(NativeMethodAccessorImpl.java:62)
at java.base/jdk.internal.reflect.DelegatingMethodAccessorImpl.invoke(DelegatingMethodAccessorImpl.java:43)
at java.base/java.lang.reflect.Method.invoke(Method.java:564)
at org.testng.internal.MethodInvocationHelper.invokeMethod(MethodInvocationHelper.java:134)
at org.testng.internal.TestInvoker.invokeMethod(TestInvoker.java:597)
at org.testng.internal.TestInvoker.invokeTestMethod(TestInvoker.java:173)
at org.testng.internal.MethodRunner.runInSequence(MethodRunner.java:46)
at org.testng.internal.TestInvoker$MethodInvocationAgent.invoke(TestInvoker.java:816)
at org.testng.internal.TestInvoker.invokeTestMethods(TestInvoker.java:146)
at org.testng.internal.TestMethodWorker.invokeTestMethods(TestMethodWorker.java:146)
at org.testng.internal.TestMethodWorker.run(TestMethodWorker.java:128)
at org.testng.TestRunner$$Lambda$70/0000000000000000.accept(Unknown Source)
at java.base/java.util.ArrayList.forEach(ArrayList.java:1510)
at org.testng.TestRunner.privateRun(TestRunner.java:766)
at org.testng.TestRunner.run(TestRunner.java:587)
at org.testng.SuiteRunner.runTest(SuiteRunner.java:384)
at org.testng.SuiteRunner.runSequentially(SuiteRunner.java:378)
at org.testng.SuiteRunner.privateRun(SuiteRunner.java:337)
at org.testng.SuiteRunner.run(SuiteRunner.java:286)
at org.testng.SuiteRunnerWorker.runSuite(SuiteRunnerWorker.java:53)
at org.testng.SuiteRunnerWorker.run(SuiteRunnerWorker.java:96)
at org.testng.TestNG.runSuitesSequentially(TestNG.java:1187)
at org.testng.TestNG.runSuitesLocally(TestNG.java:1109)
at org.testng.TestNG.runSuites(TestNG.java:1039)
at org.testng.TestNG.run(TestNG.java:1007)
at com.intellij.rt.testng.IDEARemoteTestNG.run(IDEARemoteTestNG.java:66)
at com.intellij.rt.testng.RemoteTestNGStarter.main(RemoteTestNGStarter.java:110)
]]>
            </full-stacktrace>
          </exception> <!-- java.lang.AssertionError -->
          <reporter-output>
          </reporter-output>
        </test-method> <!-- footerLinksCountTest -->
        <test-method is-config="true" signature="tearDown()[pri:0, instance:com.amazon.CommonFeatureTest@e3d26dc3]" started-at="2020-10-22T20:41:07 PDT" name="tearDown" finished-at="2020-10-22T20:41:08 PDT" duration-ms="412" status="PASS">
          <reporter-output>
          </reporter-output>
        </test-method> <!-- tearDown -->
        <test-method is-config="true" signature="setUp()[pri:0, instance:com.amazon.CommonFeatureTest@e3d26dc3]" started-at="2020-10-22T20:41:08 PDT" name="setUp" finished-at="2020-10-22T20:41:16 PDT" duration-ms="8717" status="PASS">
          <reporter-output>
          </reporter-output>
        </test-method> <!-- setUp -->
        <test-method signature="isFooterVisible()[pri:0, instance:com.amazon.CommonFeatureTest@e3d26dc3]" started-at="2020-10-22T20:41:16 PDT" name="isFooterVisible" finished-at="2020-10-22T20:41:17 PDT" duration-ms="684" status="PASS">
          <reporter-output>
          </reporter-output>
        </test-method> <!-- isFooterVisible -->
        <test-method is-config="true" signature="tearDown()[pri:0, instance:com.amazon.CommonFeatureTest@e3d26dc3]" started-at="2020-10-22T20:41:17 PDT" name="tearDown" finished-at="2020-10-22T20:41:18 PDT" duration-ms="560" status="PASS">
          <reporter-output>
          </reporter-output>
        </test-method> <!-- tearDown -->
        <test-method is-config="true" signature="setUp()[pri:0, instance:com.amazon.CommonFeatureTest@e3d26dc3]" started-at="2020-10-22T20:41:18 PDT" name="setUp" finished-at="2020-10-22T20:41:26 PDT" duration-ms="8652" status="PASS">
          <reporter-output>
          </reporter-output>
        </test-method> <!-- setUp -->
        <test-method signature="isLogoDisplayed()[pri:0, instance:com.amazon.CommonFeatureTest@e3d26dc3]" started-at="2020-10-22T20:41:26 PDT" name="isLogoDisplayed" finished-at="2020-10-22T20:41:27 PDT" duration-ms="562" status="PASS">
          <reporter-output>
          </reporter-output>
        </test-method> <!-- isLogoDisplayed -->
        <test-method is-config="true" signature="tearDown()[pri:0, instance:com.amazon.CommonFeatureTest@e3d26dc3]" started-at="2020-10-22T20:41:27 PDT" name="tearDown" finished-at="2020-10-22T20:41:27 PDT" duration-ms="483" status="PASS">
          <reporter-output>
          </reporter-output>
        </test-method> <!-- tearDown -->
        <test-method is-config="true" signature="setUp()[pri:0, instance:com.amazon.CommonFeatureTest@e3d26dc3]" started-at="2020-10-22T20:41:29 PDT" name="setUp" finished-at="2020-10-22T20:41:38 PDT" duration-ms="9269" status="PASS">
          <reporter-output>
          </reporter-output>
        </test-method> <!-- setUp -->
        <test-method signature="search(java.lang.String, java.lang.String)[pri:0, instance:com.amazon.CommonFeatureTest@e3d26dc3]" started-at="2020-10-22T20:41:38 PDT" name="search" data-provider="getData" finished-at="2020-10-22T20:41:45 PDT" duration-ms="6995" status="PASS">
          <params>
            <param index="0">
              <value>
                <![CDATA[school supplies]]>
              </value>
            </param>
            <param index="1">
              <value>
                <![CDATA[Amazon.com : school supplies]]>
              </value>
            </param>
          </params>
          <reporter-output>
          </reporter-output>
        </test-method> <!-- search -->
        <test-method is-config="true" signature="tearDown()[pri:0, instance:com.amazon.CommonFeatureTest@e3d26dc3]" started-at="2020-10-22T20:41:45 PDT" name="tearDown" finished-at="2020-10-22T20:41:46 PDT" duration-ms="441" status="PASS">
          <reporter-output>
          </reporter-output>
        </test-method> <!-- tearDown -->
        <test-method is-config="true" signature="setUp()[pri:0, instance:com.amazon.CommonFeatureTest@e3d26dc3]" started-at="2020-10-22T20:41:46 PDT" name="setUp" finished-at="2020-10-22T20:41:54 PDT" duration-ms="8419" status="PASS">
          <reporter-output>
          </reporter-output>
        </test-method> <!-- setUp -->
        <test-method signature="search(java.lang.String, java.lang.String)[pri:0, instance:com.amazon.CommonFeatureTest@e3d26dc3]" started-at="2020-10-22T20:41:54 PDT" name="search" data-provider="getData" finished-at="2020-10-22T20:42:00 PDT" duration-ms="5975" status="PASS">
          <params>
            <param index="0">
              <value>
                <![CDATA[laptop]]>
              </value>
            </param>
            <param index="1">
              <value>
                <![CDATA[Amazon.com : laptop]]>
              </value>
            </param>
          </params>
          <reporter-output>
          </reporter-output>
        </test-method> <!-- search -->
        <test-method is-config="true" signature="tearDown()[pri:0, instance:com.amazon.CommonFeatureTest@e3d26dc3]" started-at="2020-10-22T20:42:00 PDT" name="tearDown" finished-at="2020-10-22T20:42:00 PDT" duration-ms="419" status="PASS">
          <reporter-output>
          </reporter-output>
        </test-method> <!-- tearDown -->
        <test-method is-config="true" signature="setUp()[pri:0, instance:com.amazon.CommonFeatureTest@e3d26dc3]" started-at="2020-10-22T20:42:00 PDT" name="setUp" finished-at="2020-10-22T20:42:09 PDT" duration-ms="8685" status="PASS">
          <reporter-output>
          </reporter-output>
        </test-method> <!-- setUp -->
        <test-method signature="search(java.lang.String, java.lang.String)[pri:0, instance:com.amazon.CommonFeatureTest@e3d26dc3]" started-at="2020-10-22T20:42:09 PDT" name="search" data-provider="getData" finished-at="2020-10-22T20:42:11 PDT" duration-ms="1672" status="FAIL">
          <params>
            <param index="0">
              <value>
                <![CDATA[books]]>
              </value>
            </param>
            <param index="1">
              <value>
                <![CDATA[Amazon.com: Books]]>
              </value>
            </param>
          </params>
          <exception class="java.lang.AssertionError">
            <message>
              <![CDATA[Search page title did not match expected [Amazon.com: Books] but found []]]>
            </message>
            <full-stacktrace>
              <![CDATA[java.lang.AssertionError: Search page title did not match expected [Amazon.com: Books] but found []
at org.testng.Assert.fail(Assert.java:97)
at org.testng.Assert.assertEqualsImpl(Assert.java:136)
at org.testng.Assert.assertEquals(Assert.java:118)
at org.testng.Assert.assertEquals(Assert.java:575)
at com.amazon.CommonFeatureTest.search(CommonFeatureTest.java:99)
at java.base/jdk.internal.reflect.NativeMethodAccessorImpl.invoke0(Native Method)
at java.base/jdk.internal.reflect.NativeMethodAccessorImpl.invoke(NativeMethodAccessorImpl.java:62)
at java.base/jdk.internal.reflect.DelegatingMethodAccessorImpl.invoke(DelegatingMethodAccessorImpl.java:43)
at java.base/java.lang.reflect.Method.invoke(Method.java:564)
at org.testng.internal.MethodInvocationHelper.invokeMethod(MethodInvocationHelper.java:134)
at org.testng.internal.TestInvoker.invokeMethod(TestInvoker.java:597)
at org.testng.internal.TestInvoker.invokeTestMethod(TestInvoker.java:173)
at org.testng.internal.MethodRunner.runInSequence(MethodRunner.java:46)
at org.testng.internal.TestInvoker$MethodInvocationAgent.invoke(TestInvoker.java:816)
at org.testng.internal.TestInvoker.invokeTestMethods(TestInvoker.java:146)
at org.testng.internal.TestMethodWorker.invokeTestMethods(TestMethodWorker.java:146)
at org.testng.internal.TestMethodWorker.run(TestMethodWorker.java:128)
at org.testng.TestRunner$$Lambda$70/0000000000000000.accept(Unknown Source)
at java.base/java.util.ArrayList.forEach(ArrayList.java:1510)
at org.testng.TestRunner.privateRun(TestRunner.java:766)
at org.testng.TestRunner.run(TestRunner.java:587)
at org.testng.SuiteRunner.runTest(SuiteRunner.java:384)
at org.testng.SuiteRunner.runSequentially(SuiteRunner.java:378)
at org.testng.SuiteRunner.privateRun(SuiteRunner.java:337)
at org.testng.SuiteRunner.run(SuiteRunner.java:286)
at org.testng.SuiteRunnerWorker.runSuite(SuiteRunnerWorker.java:53)
at org.testng.SuiteRunnerWorker.run(SuiteRunnerWorker.java:96)
at org.testng.TestNG.runSuitesSequentially(TestNG.java:1187)
at org.testng.TestNG.runSuitesLocally(TestNG.java:1109)
at org.testng.TestNG.runSuites(TestNG.java:1039)
at org.testng.TestNG.run(TestNG.java:1007)
at com.intellij.rt.testng.IDEARemoteTestNG.run(IDEARemoteTestNG.java:66)
at com.intellij.rt.testng.RemoteTestNGStarter.main(RemoteTestNGStarter.java:110)
]]>
            </full-stacktrace>
          </exception> <!-- java.lang.AssertionError -->
          <reporter-output>
          </reporter-output>
        </test-method> <!-- search -->
        <test-method is-config="true" signature="tearDown()[pri:0, instance:com.amazon.CommonFeatureTest@e3d26dc3]" started-at="2020-10-22T20:42:11 PDT" name="tearDown" finished-at="2020-10-22T20:42:11 PDT" duration-ms="377" status="PASS">
          <reporter-output>
          </reporter-output>
        </test-method> <!-- tearDown -->
      </class> <!-- com.amazon.CommonFeatureTest -->
      <class name="com.amazon.HomePageTest">
        <test-method is-config="true" signature="setUp()[pri:0, instance:com.amazon.HomePageTest@d990673e]" started-at="2020-10-22T20:40:40 PDT" name="setUp" finished-at="2020-10-22T20:40:54 PDT" duration-ms="14564" status="PASS">
          <reporter-output>
          </reporter-output>
        </test-method> <!-- setUp -->
        <test-method signature="heroImagesCountTest()[pri:0, instance:com.amazon.HomePageTest@d990673e]" started-at="2020-10-22T20:40:54 PDT" name="heroImagesCountTest" finished-at="2020-10-22T20:40:56 PDT" duration-ms="1047" status="FAIL">
          <exception class="java.lang.AssertionError">
            <message>
              <![CDATA[expected [8] but found [9]]]>
            </message>
            <full-stacktrace>
              <![CDATA[java.lang.AssertionError: expected [8] but found [9]
at org.testng.Assert.fail(Assert.java:97)
at org.testng.Assert.assertEqualsImpl(Assert.java:136)
at org.testng.Assert.assertEquals(Assert.java:118)
at org.testng.Assert.assertEquals(Assert.java:839)
at org.testng.Assert.assertEquals(Assert.java:849)
at com.amazon.HomePageTest.heroImagesCountTest(HomePageTest.java:29)
at java.base/jdk.internal.reflect.NativeMethodAccessorImpl.invoke0(Native Method)
at java.base/jdk.internal.reflect.NativeMethodAccessorImpl.invoke(NativeMethodAccessorImpl.java:62)
at java.base/jdk.internal.reflect.DelegatingMethodAccessorImpl.invoke(DelegatingMethodAccessorImpl.java:43)
at java.base/java.lang.reflect.Method.invoke(Method.java:564)
at org.testng.internal.MethodInvocationHelper.invokeMethod(MethodInvocationHelper.java:134)
at org.testng.internal.TestInvoker.invokeMethod(TestInvoker.java:597)
at org.testng.internal.TestInvoker.invokeTestMethod(TestInvoker.java:173)
at org.testng.internal.MethodRunner.runInSequence(MethodRunner.java:46)
at org.testng.internal.TestInvoker$MethodInvocationAgent.invoke(TestInvoker.java:816)
at org.testng.internal.TestInvoker.invokeTestMethods(TestInvoker.java:146)
at org.testng.internal.TestMethodWorker.invokeTestMethods(TestMethodWorker.java:146)
at org.testng.internal.TestMethodWorker.run(TestMethodWorker.java:128)
at org.testng.TestRunner$$Lambda$70/0000000000000000.accept(Unknown Source)
at java.base/java.util.ArrayList.forEach(ArrayList.java:1510)
at org.testng.TestRunner.privateRun(TestRunner.java:766)
at org.testng.TestRunner.run(TestRunner.java:587)
at org.testng.SuiteRunner.runTest(SuiteRunner.java:384)
at org.testng.SuiteRunner.runSequentially(SuiteRunner.java:378)
at org.testng.SuiteRunner.privateRun(SuiteRunner.java:337)
at org.testng.SuiteRunner.run(SuiteRunner.java:286)
at org.testng.SuiteRunnerWorker.runSuite(SuiteRunnerWorker.java:53)
at org.testng.SuiteRunnerWorker.run(SuiteRunnerWorker.java:96)
at org.testng.TestNG.runSuitesSequentially(TestNG.java:1187)
at org.testng.TestNG.runSuitesLocally(TestNG.java:1109)
at org.testng.TestNG.runSuites(TestNG.java:1039)
at org.testng.TestNG.run(TestNG.java:1007)
at com.intellij.rt.testng.IDEARemoteTestNG.run(IDEARemoteTestNG.java:66)
at com.intellij.rt.testng.RemoteTestNGStarter.main(RemoteTestNGStarter.java:110)
]]>
            </full-stacktrace>
          </exception> <!-- java.lang.AssertionError -->
          <reporter-output>
          </reporter-output>
        </test-method> <!-- heroImagesCountTest -->
        <test-method is-config="true" signature="tearDown()[pri:0, instance:com.amazon.HomePageTest@d990673e]" started-at="2020-10-22T20:40:56 PDT" name="tearDown" finished-at="2020-10-22T20:40:56 PDT" duration-ms="657" status="PASS">
          <reporter-output>
          </reporter-output>
        </test-method> <!-- tearDown -->
      </class> <!-- com.amazon.HomePageTest -->
    </test> <!-- /Users/ev/Desktop/sonia-workspaces/MyWork/SeleniumFrameworkFinal/src/test -->
  </suite> <!-- All Test Suite -->
</testng-results>
